<?xml version="1.0" encoding="UTF-8"?>
<testng-results skipped="0" failed="0" ignored="0" total="1" passed="1">
  <reporter-output>
  </reporter-output>
  <suite name="Default suite" duration-ms="67229" started-at="2019-02-26T04:36:33Z" finished-at="2019-02-26T04:37:40Z">
    <groups>
    </groups>
    <test name="Default test" duration-ms="67229" started-at="2019-02-26T04:36:33Z" finished-at="2019-02-26T04:37:40Z">
      <class name="Selenium.TestingRevision.MouseHover">
        <test-method status="PASS" signature="handling()[pri:0, instance:Selenium.TestingRevision.MouseHover@46d56d67]" name="handling" duration-ms="66934" started-at="2019-02-26T10:06:33Z" finished-at="2019-02-26T10:07:40Z">
          <reporter-output>
          </reporter-output>
        </test-method> <!-- handling -->
      </class> <!-- Selenium.TestingRevision.MouseHover -->
    </test> <!-- Default test -->
  </suite> <!-- Default suite -->
</testng-results>
